<?xml version="1.0" encoding="UTF-8"?>
<!-- Generated by org.testng.reporters.JUnitReportReporter -->
<testsuite skipped="0" hostname="Khurshida" name="TestPackeg.Chapter1" tests="1" failures="0" timestamp="2020-02-14T21:28:49 IST" time="0.008" errors="0">
  <testcase name="test1" time="0.008" classname="TestPackeg.Chapter1"/>
</testsuite> <!-- TestPackeg.Chapter1 -->
