<?xml version="1.0" encoding="UTF-8"?>
<!-- Generated by org.testng.reporters.JUnitReportReporter -->
<testsuite skipped="0" hostname="Khurshida" name="TestPackeg.Chapter4" tests="2" failures="0" timestamp="2020-02-14T21:28:49 IST" time="0.002" errors="0">
  <testcase name="Homeloadtest1" time="0.001" classname="TestPackeg.Chapter4"/>
  <testcase name="Homeloadtest3" time="0.001" classname="TestPackeg.Chapter4"/>
</testsuite> <!-- TestPackeg.Chapter4 -->
